2018-03-07 11:02:16 INFO  ConnectionUtil:33 - Connection successful
2018-03-07 13:08:01 INFO  ConnectionUtil:33 - Connection successful
2018-03-07 13:42:28 TRACE CelebrityRepositoryJdbc:25 - Getting statement object in insert Celebrity.
2018-03-07 13:42:29 TRACE CelebrityRepositoryJdbc:33 - Parameters for insertion of Celebrity set.
2018-03-07 13:42:29 TRACE CelebrityRepositoryJdbc:35 - Celebrity inserted successfully.
2018-03-07 14:06:32 TRACE CelebrityRepositoryJdbc:62 - Getting statement object in get all celebrities.
2018-03-07 14:08:17 TRACE CelebrityRepositoryJdbc:27 - Getting statement object in insert Celebrity.
2018-03-07 14:08:17 TRACE CelebrityRepositoryJdbc:35 - Parameters for insertion of Celebrity set.
2018-03-07 14:08:17 ERROR CelebrityRepositoryJdbc:41 - Exception thrown while inserting new Celebrity
java.sql.SQLIntegrityConstraintViolationException: ORA-00001: unique constraint (CELEBRITY_DB.PK_CELEBRITY) violated

	at oracle.jdbc.driver.T4CTTIoer.processError(T4CTTIoer.java:450)
	at oracle.jdbc.driver.T4CTTIoer.processError(T4CTTIoer.java:399)
	at oracle.jdbc.driver.T4C8Oall.processError(T4C8Oall.java:1017)
	at oracle.jdbc.driver.T4CTTIfun.receive(T4CTTIfun.java:655)
	at oracle.jdbc.driver.T4CTTIfun.doRPC(T4CTTIfun.java:249)
	at oracle.jdbc.driver.T4C8Oall.doOALL(T4C8Oall.java:566)
	at oracle.jdbc.driver.T4CPreparedStatement.doOall8(T4CPreparedStatement.java:215)
	at oracle.jdbc.driver.T4CPreparedStatement.doOall8(T4CPreparedStatement.java:58)
	at oracle.jdbc.driver.T4CPreparedStatement.executeForRows(T4CPreparedStatement.java:943)
	at oracle.jdbc.driver.OracleStatement.doExecuteWithTimeout(OracleStatement.java:1075)
	at oracle.jdbc.driver.OraclePreparedStatement.executeInternal(OraclePreparedStatement.java:3820)
	at oracle.jdbc.driver.OraclePreparedStatement.executeUpdate(OraclePreparedStatement.java:3897)
	at oracle.jdbc.driver.OraclePreparedStatementWrapper.executeUpdate(OraclePreparedStatementWrapper.java:1361)
	at com.revature.repository.CelebrityRepositoryJdbc.insert(CelebrityRepositoryJdbc.java:36)
	at com.revature.repository.CelebrityRepositoryJdbc.main(CelebrityRepositoryJdbc.java:89)
2018-03-07 14:08:18 TRACE CelebrityRepositoryJdbc:62 - Getting statement object in get all celebrities.
2018-03-07 14:09:21 TRACE CelebrityRepositoryJdbc:27 - Getting statement object in insert Celebrity.
2018-03-07 14:09:22 TRACE CelebrityRepositoryJdbc:35 - Parameters for insertion of Celebrity set.
2018-03-07 14:09:22 TRACE CelebrityRepositoryJdbc:37 - Celebrity inserted successfully.
2018-03-07 14:29:03 TRACE CelebrityRepositoryJdbc:81 - Getting all celebrities.
2018-03-07 14:29:04 INFO  CelebrityRepositoryJdbc:111 - [Celebrity [id=3, firstName=Will, lastName=SMITH, stageName=N/A, gender=M], Celebrity [id=2, firstName=Mariah, lastName=Carey, stageName=null, gender=F], Celebrity [id=1, firstName=Johnny, lastName=Depp, stageName=null, gender=M], Celebrity [id=10, firstName=Beyonce, lastName=Giselle, stageName=Beyonce, gender=F]]
2018-03-07 14:29:04 TRACE CelebrityRepositoryJdbc:54 - Getting celebrity by first name.
2018-03-07 14:29:05 INFO  CelebrityRepositoryJdbc:112 - Celebrity [id=10, firstName=Beyonce, lastName=Giselle, stageName=Beyonce, gender=F]
2018-03-07 15:01:57 TRACE CelebrityRepositoryJdbc:98 - Getting all celebrities.
2018-03-07 15:04:08 TRACE CelebrityRepositoryJdbc:98 - Getting all celebrities.
2018-03-07 15:25:12 TRACE CelebrityDataAccessTest:57 - Testing findByName celebrity.
2018-03-07 15:25:12 TRACE CelebrityRepositoryJdbc:71 - Getting celebrity by first name.
2018-03-07 15:25:14 TRACE CelebrityDataAccessTest:50 - Testing selectAll celebrities.
2018-03-07 15:25:14 TRACE CelebrityRepositoryJdbc:98 - Getting all celebrities.
2018-03-07 15:25:53 TRACE CelebrityDataAccessTest:57 - Testing findByName celebrity.
2018-03-07 15:25:54 TRACE CelebrityRepositoryJdbc:71 - Getting celebrity by first name.
2018-03-07 15:25:55 TRACE CelebrityDataAccessTest:50 - Testing selectAll celebrities.
2018-03-07 15:25:55 TRACE CelebrityRepositoryJdbc:98 - Getting all celebrities.
2018-03-09 13:36:14 TRACE CelebrityRepositoryJdbc:115 - Getting all celebrities.
2018-03-09 13:36:17 INFO  CelebrityRepositoryJdbc:145 - [Celebrity [id=4, firstName=Nathalie, lastName=Dormer, stageName=null, gender=F], Celebrity [id=7, firstName=Helen, lastName=Mirren, stageName=N/A, gender=F], Celebrity [id=3, firstName=Will, lastName=SMITH, stageName=N/A, gender=M], Celebrity [id=2, firstName=Mariah, lastName=Carey, stageName=null, gender=F], Celebrity [id=1, firstName=Johnny, lastName=Depp, stageName=null, gender=M], Celebrity [id=10, firstName=Beyonce, lastName=Giselle, stageName=Beyonce, gender=F]]
2018-03-09 13:36:17 TRACE CelebrityRepositoryJdbc:88 - Getting celebrity by first name.
2018-03-09 13:36:17 INFO  CelebrityRepositoryJdbc:146 - Celebrity [id=10, firstName=Beyonce, lastName=Giselle, stageName=Beyonce, gender=F]
2018-03-09 13:37:14 TRACE CelebrityRepositoryJdbc:66 - Inserting celebrity with stored procedure.
2018-03-09 13:37:15 INFO  CelebrityRepositoryJdbc:145 - true
2018-03-09 13:37:15 TRACE CelebrityRepositoryJdbc:115 - Getting all celebrities.
2018-03-09 13:37:15 INFO  CelebrityRepositoryJdbc:146 - [Celebrity [id=4, firstName=Nathalie, lastName=Dormer, stageName=null, gender=F], Celebrity [id=7, firstName=Helen, lastName=Mirren, stageName=N/A, gender=F], Celebrity [id=6, firstName=Michael, lastName=Jackson, stageName=MJ, gender=M], Celebrity [id=3, firstName=Will, lastName=SMITH, stageName=N/A, gender=M], Celebrity [id=2, firstName=Mariah, lastName=Carey, stageName=null, gender=F], Celebrity [id=1, firstName=Johnny, lastName=Depp, stageName=null, gender=M], Celebrity [id=10, firstName=Beyonce, lastName=Giselle, stageName=Beyonce, gender=F]]
2018-03-09 13:37:15 TRACE CelebrityRepositoryJdbc:88 - Getting celebrity by first name.
2018-03-09 13:37:15 INFO  CelebrityRepositoryJdbc:147 - Celebrity [id=10, firstName=Beyonce, lastName=Giselle, stageName=Beyonce, gender=F]
2018-03-11 16:08:51 ERROR ConnectionUtil:35 - Couldn't connect to the database
java.sql.SQLException: ORA-01017: invalid username/password; logon denied

	at oracle.jdbc.driver.T4CTTIoer.processError(T4CTTIoer.java:450)
	at oracle.jdbc.driver.T4CTTIoer.processError(T4CTTIoer.java:392)
	at oracle.jdbc.driver.T4CTTIoer.processError(T4CTTIoer.java:385)
	at oracle.jdbc.driver.T4CTTIfun.processError(T4CTTIfun.java:938)
	at oracle.jdbc.driver.T4CTTIoauthenticate.processError(T4CTTIoauthenticate.java:480)
	at oracle.jdbc.driver.T4CTTIfun.receive(T4CTTIfun.java:655)
	at oracle.jdbc.driver.T4CTTIfun.doRPC(T4CTTIfun.java:249)
	at oracle.jdbc.driver.T4CTTIoauthenticate.doOAUTH(T4CTTIoauthenticate.java:416)
	at oracle.jdbc.driver.T4CTTIoauthenticate.doOAUTH(T4CTTIoauthenticate.java:825)
	at oracle.jdbc.driver.T4CConnection.logon(T4CConnection.java:596)
	at oracle.jdbc.driver.PhysicalConnection.<init>(PhysicalConnection.java:715)
	at oracle.jdbc.driver.T4CConnection.<init>(T4CConnection.java:385)
	at oracle.jdbc.driver.T4CDriverExtension.getConnection(T4CDriverExtension.java:30)
	at oracle.jdbc.driver.OracleDriver.connect(OracleDriver.java:564)
	at java.sql.DriverManager.getConnection(Unknown Source)
	at java.sql.DriverManager.getConnection(Unknown Source)
	at com.revature.util.ConnectionUtil.getConnection(ConnectionUtil.java:24)
	at com.revature.util.ConnectionUtil.main(ConnectionUtil.java:32)
2018-03-11 16:09:14 INFO  ConnectionUtil:33 - Connection successful
